<?xml version="1.0" encoding="UTF-8"?>
<testng-results skipped="0" failed="0" ignored="0" total="1" passed="1">
  <reporter-output>
    <line>
      <![CDATA[CreateCustomer]]>
    </line>
  </reporter-output>
  <suite name="Suite" duration-ms="56" started-at="2020-11-03T02:22:49Z" finished-at="2020-11-03T02:22:49Z">
    <groups>
    </groups>
    <test name="Test" duration-ms="56" started-at="2020-11-03T02:22:49Z" finished-at="2020-11-03T02:22:49Z">
      <class name="com.actitime.test.CustomerModule">
        <test-method status="PASS" signature="testCreateCustomer()[pri:0, instance:com.actitime.test.CustomerModule@4c70fda8]" name="testCreateCustomer" duration-ms="12" started-at="2020-11-03T02:22:49Z" finished-at="2020-11-03T02:22:49Z">
          <reporter-output>
            <line>
              <![CDATA[CreateCustomer]]>
            </line>
          </reporter-output>
        </test-method> <!-- testCreateCustomer -->
      </class> <!-- com.actitime.test.CustomerModule -->
    </test> <!-- Test -->
  </suite> <!-- Suite -->
</testng-results>
